<?xml version="1.0" encoding="UTF-8"?>
<testng-results skipped="0" failed="0" ignored="0" total="1" passed="1">
  <reporter-output>
  </reporter-output>
  <suite name="TestNGLoginTest" duration-ms="17795" started-at="2020-12-01T22:24:59 IST" finished-at="2020-12-01T22:25:17 IST">
    <groups>
    </groups>
    <test name="Command line test" duration-ms="17795" started-at="2020-12-01T22:24:59 IST" finished-at="2020-12-01T22:25:17 IST">
      <class name="TestNGLoginTest">
        <test-method status="PASS" signature="setUpTest()[pri:0, instance:TestNGLoginTest@f6c48ac]" name="setUpTest" is-config="true" duration-ms="6348" started-at="2020-12-01T22:24:59 IST" finished-at="2020-12-01T22:25:06 IST">
          <reporter-output>
          </reporter-output>
        </test-method> <!-- setUpTest -->
        <test-method status="PASS" signature="Login()[pri:0, instance:TestNGLoginTest@f6c48ac]" name="Login" duration-ms="9643" started-at="2020-12-01T22:25:06 IST" finished-at="2020-12-01T22:25:15 IST">
          <reporter-output>
          </reporter-output>
        </test-method> <!-- Login -->
        <test-method status="PASS" signature="TearDownTest()[pri:0, instance:TestNGLoginTest@f6c48ac]" name="TearDownTest" is-config="true" duration-ms="1728" started-at="2020-12-01T22:25:15 IST" finished-at="2020-12-01T22:25:17 IST">
          <reporter-output>
          </reporter-output>
        </test-method> <!-- TearDownTest -->
      </class> <!-- TestNGLoginTest -->
    </test> <!-- Command line test -->
  </suite> <!-- TestNGLoginTest -->
</testng-results>
