<?xml version="1.0" encoding="UTF-8"?>
<testng-results skipped="0" failed="0" ignored="0" total="1" passed="1">
  <reporter-output>
  </reporter-output>
  <suite name="Default suite" duration-ms="22489" started-at="2021-01-18T10:10:24 IST" finished-at="2021-01-18T10:10:47 IST">
    <groups>
    </groups>
    <test name="Default test" duration-ms="22489" started-at="2021-01-18T10:10:24 IST" finished-at="2021-01-18T10:10:47 IST">
      <class name="TestNGLoginTest">
        <test-method status="PASS" signature="setUpTest()[pri:0, instance:TestNGLoginTest@27a5f880]" name="setUpTest" is-config="true" duration-ms="12087" started-at="2021-01-18T10:10:24 IST" finished-at="2021-01-18T10:10:36 IST">
          <reporter-output>
          </reporter-output>
        </test-method> <!-- setUpTest -->
        <test-method status="PASS" signature="Login()[pri:0, instance:TestNGLoginTest@27a5f880]" name="Login" duration-ms="9019" started-at="2021-01-18T10:10:36 IST" finished-at="2021-01-18T10:10:45 IST">
          <reporter-output>
          </reporter-output>
        </test-method> <!-- Login -->
        <test-method status="PASS" signature="TearDownTest()[pri:0, instance:TestNGLoginTest@27a5f880]" name="TearDownTest" is-config="true" duration-ms="1298" started-at="2021-01-18T10:10:45 IST" finished-at="2021-01-18T10:10:47 IST">
          <reporter-output>
          </reporter-output>
        </test-method> <!-- TearDownTest -->
      </class> <!-- TestNGLoginTest -->
    </test> <!-- Default test -->
  </suite> <!-- Default suite -->
</testng-results>
